[debug] ----------------------------------------------------------------------
[debug] Command:      /usr/local/Cellar/node4-lts/4.2.2/bin/node /usr/local/bin/firebase deploy
[debug] CLI Version:  3.0.7
[debug] Platform:     darwin
[debug] Node Version: v4.2.2
[debug] Time:         Mon Aug 22 2016 18:56:15 GMT-0400 (BOT)
[debug] ----------------------------------------------------------------------
[debug] 
[debug] > command requires scopes: ["email","openid","https://www.googleapis.com/auth/cloudplatformprojects.readonly","https://www.googleapis.com/auth/firebase"]
[debug] > refreshing access token with scopes: ["email","https://www.googleapis.com/auth/cloudplatformprojects.readonly","https://www.googleapis.com/auth/firebase","openid"]
[debug] >>> HTTP REQUEST POST https://www.googleapis.com/oauth2/v3/token
[debug] <<< HTTP RESPONSE 200
[debug] >>> HTTP REQUEST GET https://admin.firebase.com/v1/projects/devfestlima2016 
[debug] <<< HTTP RESPONSE 200
[debug] >>> HTTP REQUEST GET https://admin.firebase.com/v1/database/devfestlima2016/tokens 
[debug] <<< HTTP RESPONSE 200
[info] 
[info] === Deploying to 'devfestlima2016'...
[info] 
[info] i  deploying database, hosting
[info] ✔  database: rules ready to deploy.
[info] i  hosting: preparing dist directory for upload...
[debug] >>> HTTP REQUEST PUT https://deploy.firebase.com/v1/hosting/devfestlima2016/uploads/-KPoT1DsJUS1ohzjFmLL?fileCount=226&message= 
[debug] ----------------------------------------------------------------------
[debug] Command:      /usr/local/Cellar/node4-lts/4.2.2/bin/node /usr/local/bin/firebase deploy
[debug] CLI Version:  3.0.7
[debug] Platform:     darwin
[debug] Node Version: v4.2.2
[debug] Time:         Mon Aug 22 2016 18:58:54 GMT-0400 (BOT)
[debug] ----------------------------------------------------------------------
[debug] 
[debug] > command requires scopes: ["email","openid","https://www.googleapis.com/auth/cloudplatformprojects.readonly","https://www.googleapis.com/auth/firebase"]
[debug] >>> HTTP REQUEST GET https://admin.firebase.com/v1/projects/devfestlima2016 
[debug] <<< HTTP RESPONSE 200
[debug] >>> HTTP REQUEST GET https://admin.firebase.com/v1/database/devfestlima2016/tokens 
[debug] <<< HTTP RESPONSE 200
[info] 
[info] === Deploying to 'devfestlima2016'...
[info] 
[info] i  deploying database, hosting
[info] ✔  database: rules ready to deploy.
[info] i  hosting: preparing dist directory for upload...
[debug] >>> HTTP REQUEST PUT https://deploy.firebase.com/v1/hosting/devfestlima2016/uploads/-KPoTbrUKtfGjEgvWUKQ?fileCount=128&message= 
